{"/Applications/XAMPP/xamppfiles/htdocs/SA/pages/_app.js": {"path":"/Applications/XAMPP/xamppfiles/htdocs/SA/pages/_app.js","statementMap":{"0":{"start":{"line":4,"column":2},"end":{"line":4,"column":38}}},"fnMap":{"0":{"name":"App","decl":{"start":{"line":3,"column":24},"end":{"line":3,"column":27}},"loc":{"start":{"line":3,"column":54},"end":{"line":5,"column":1}},"line":3}},"branchMap":{},"s":{"0":0},"f":{"0":0},"b":{}}
,"/Applications/XAMPP/xamppfiles/htdocs/SA/pages/index.js": {"path":"/Applications/XAMPP/xamppfiles/htdocs/SA/pages/index.js","statementMap":{"0":{"start":{"line":6,"column":21},"end":{"line":6,"column":63}},"1":{"start":{"line":7,"column":21},"end":{"line":7,"column":231}},"2":{"start":{"line":9,"column":17},"end":{"line":9,"column":57}},"3":{"start":{"line":11,"column":23},"end":{"line":22,"column":1}},"4":{"start":{"line":24,"column":26},"end":{"line":28,"column":1}},"5":{"start":{"line":31,"column":38},"end":{"line":31,"column":59}},"6":{"start":{"line":32,"column":38},"end":{"line":32,"column":50}},"7":{"start":{"line":33,"column":42},"end":{"line":33,"column":61}},"8":{"start":{"line":34,"column":26},"end":{"line":34,"column":40}},"9":{"start":{"line":35,"column":34},"end":{"line":35,"column":49}},"10":{"start":{"line":37,"column":17},"end":{"line":37,"column":29}},"11":{"start":{"line":38,"column":21},"end":{"line":38,"column":31}},"12":{"start":{"line":40,"column":25},"end":{"line":40,"column":30}},"13":{"start":{"line":42,"column":26},"end":{"line":49,"column":3}},"14":{"start":{"line":43,"column":4},"end":{"line":48,"column":7}},"15":{"start":{"line":44,"column":19},"end":{"line":44,"column":35}},"16":{"start":{"line":45,"column":6},"end":{"line":46,"column":25}},"17":{"start":{"line":45,"column":25},"end":{"line":45,"column":42}},"18":{"start":{"line":46,"column":11},"end":{"line":46,"column":25}},"19":{"start":{"line":47,"column":6},"end":{"line":47,"column":18}},"20":{"start":{"line":51,"column":23},"end":{"line":54,"column":3}},"21":{"start":{"line":52,"column":4},"end":{"line":52,"column":31}},"22":{"start":{"line":53,"column":4},"end":{"line":53,"column":22}},"23":{"start":{"line":56,"column":23},"end":{"line":73,"column":3}},"24":{"start":{"line":57,"column":4},"end":{"line":57,"column":32}},"25":{"start":{"line":57,"column":25},"end":{"line":57,"column":32}},"26":{"start":{"line":58,"column":20},"end":{"line":58,"column":51}},"27":{"start":{"line":59,"column":17},"end":{"line":59,"column":41}},"28":{"start":{"line":60,"column":4},"end":{"line":72,"column":7}},"29":{"start":{"line":61,"column":19},"end":{"line":61,"column":34}},"30":{"start":{"line":63,"column":8},"end":{"line":64,"column":60}},"31":{"start":{"line":65,"column":24},"end":{"line":65,"column":69}},"32":{"start":{"line":65,"column":44},"end":{"line":65,"column":68}},"33":{"start":{"line":66,"column":22},"end":{"line":66,"column":47}},"34":{"start":{"line":67,"column":6},"end":{"line":71,"column":7}},"35":{"start":{"line":68,"column":8},"end":{"line":68,"column":37}},"36":{"start":{"line":70,"column":8},"end":{"line":70,"column":24}},"37":{"start":{"line":75,"column":19},"end":{"line":100,"column":3}},"38":{"start":{"line":76,"column":28},"end":{"line":76,"column":68}},"39":{"start":{"line":77,"column":4},"end":{"line":80,"column":5}},"40":{"start":{"line":78,"column":6},"end":{"line":78,"column":30}},"41":{"start":{"line":79,"column":6},"end":{"line":79,"column":13}},"42":{"start":{"line":81,"column":4},"end":{"line":81,"column":46}},"43":{"start":{"line":82,"column":4},"end":{"line":82,"column":28}},"44":{"start":{"line":84,"column":4},"end":{"line":97,"column":7}},"45":{"start":{"line":85,"column":21},"end":{"line":91,"column":8}},"46":{"start":{"line":92,"column":6},"end":{"line":94,"column":31}},"47":{"start":{"line":95,"column":6},"end":{"line":95,"column":29}},"48":{"start":{"line":96,"column":6},"end":{"line":96,"column":38}},"49":{"start":{"line":99,"column":4},"end":{"line":99,"column":19}},"50":{"start":{"line":102,"column":20},"end":{"line":112,"column":3}},"51":{"start":{"line":105,"column":8},"end":{"line":105,"column":40}},"52":{"start":{"line":106,"column":4},"end":{"line":111,"column":5}},"53":{"start":{"line":107,"column":6},"end":{"line":110,"column":9}},"54":{"start":{"line":114,"column":22},"end":{"line":116,"column":3}},"55":{"start":{"line":115,"column":4},"end":{"line":115,"column":111}},"56":{"start":{"line":118,"column":23},"end":{"line":121,"column":3}},"57":{"start":{"line":119,"column":4},"end":{"line":119,"column":34}},"58":{"start":{"line":120,"column":4},"end":{"line":120,"column":29}},"59":{"start":{"line":123,"column":2},"end":{"line":131,"column":17}},"60":{"start":{"line":124,"column":4},"end":{"line":124,"column":44}},"61":{"start":{"line":124,"column":37},"end":{"line":124,"column":44}},"62":{"start":{"line":125,"column":16},"end":{"line":125,"column":101}},"63":{"start":{"line":126,"column":4},"end":{"line":126,"column":88}},"64":{"start":{"line":127,"column":4},"end":{"line":127,"column":66}},"65":{"start":{"line":128,"column":4},"end":{"line":128,"column":25}},"66":{"start":{"line":129,"column":4},"end":{"line":129,"column":15}},"67":{"start":{"line":130,"column":4},"end":{"line":130,"column":16}},"68":{"start":{"line":133,"column":2},"end":{"line":136,"column":43}},"69":{"start":{"line":134,"column":4},"end":{"line":134,"column":26}},"70":{"start":{"line":134,"column":19},"end":{"line":134,"column":26}},"71":{"start":{"line":135,"column":4},"end":{"line":135,"column":19}},"72":{"start":{"line":138,"column":22},"end":{"line":141,"column":81}},"73":{"start":{"line":139,"column":4},"end":{"line":141,"column":81}},"74":{"start":{"line":143,"column":2},"end":{"line":232,"column":4}},"75":{"start":{"line":194,"column":29},"end":{"line":194,"column":58}},"76":{"start":{"line":202,"column":12},"end":{"line":212,"column":22}},"77":{"start":{"line":206,"column":18},"end":{"line":209,"column":27}},"78":{"start":{"line":206,"column":70},"end":{"line":206,"column":95}},"79":{"start":{"line":229,"column":22},"end":{"line":229,"column":39}}},"fnMap":{"0":{"name":"Home","decl":{"start":{"line":30,"column":24},"end":{"line":30,"column":28}},"loc":{"start":{"line":30,"column":31},"end":{"line":233,"column":1}},"line":30},"1":{"name":"(anonymous_1)","decl":{"start":{"line":42,"column":26},"end":{"line":42,"column":27}},"loc":{"start":{"line":42,"column":35},"end":{"line":49,"column":3}},"line":42},"2":{"name":"(anonymous_2)","decl":{"start":{"line":43,"column":20},"end":{"line":43,"column":21}},"loc":{"start":{"line":43,"column":33},"end":{"line":48,"column":5}},"line":43},"3":{"name":"(anonymous_3)","decl":{"start":{"line":51,"column":23},"end":{"line":51,"column":24}},"loc":{"start":{"line":51,"column":29},"end":{"line":54,"column":3}},"line":51},"4":{"name":"(anonymous_4)","decl":{"start":{"line":56,"column":23},"end":{"line":56,"column":24}},"loc":{"start":{"line":56,"column":29},"end":{"line":73,"column":3}},"line":56},"5":{"name":"(anonymous_5)","decl":{"start":{"line":60,"column":31},"end":{"line":60,"column":32}},"loc":{"start":{"line":60,"column":43},"end":{"line":72,"column":5}},"line":60},"6":{"name":"(anonymous_6)","decl":{"start":{"line":65,"column":35},"end":{"line":65,"column":36}},"loc":{"start":{"line":65,"column":44},"end":{"line":65,"column":68}},"line":65},"7":{"name":"(anonymous_7)","decl":{"start":{"line":75,"column":19},"end":{"line":75,"column":20}},"loc":{"start":{"line":75,"column":31},"end":{"line":100,"column":3}},"line":75},"8":{"name":"(anonymous_8)","decl":{"start":{"line":84,"column":17},"end":{"line":84,"column":18}},"loc":{"start":{"line":84,"column":27},"end":{"line":97,"column":5}},"line":84},"9":{"name":"(anonymous_9)","decl":{"start":{"line":102,"column":20},"end":{"line":102,"column":21}},"loc":{"start":{"line":102,"column":32},"end":{"line":112,"column":3}},"line":102},"10":{"name":"(anonymous_10)","decl":{"start":{"line":114,"column":22},"end":{"line":114,"column":23}},"loc":{"start":{"line":114,"column":34},"end":{"line":116,"column":3}},"line":114},"11":{"name":"(anonymous_11)","decl":{"start":{"line":118,"column":23},"end":{"line":118,"column":24}},"loc":{"start":{"line":118,"column":35},"end":{"line":121,"column":3}},"line":118},"12":{"name":"(anonymous_12)","decl":{"start":{"line":123,"column":12},"end":{"line":123,"column":13}},"loc":{"start":{"line":123,"column":18},"end":{"line":131,"column":3}},"line":123},"13":{"name":"(anonymous_13)","decl":{"start":{"line":133,"column":12},"end":{"line":133,"column":13}},"loc":{"start":{"line":133,"column":18},"end":{"line":136,"column":3}},"line":133},"14":{"name":"(anonymous_14)","decl":{"start":{"line":138,"column":22},"end":{"line":138,"column":23}},"loc":{"start":{"line":139,"column":4},"end":{"line":141,"column":81}},"line":139},"15":{"name":"(anonymous_15)","decl":{"start":{"line":194,"column":22},"end":{"line":194,"column":23}},"loc":{"start":{"line":194,"column":29},"end":{"line":194,"column":58}},"line":194},"16":{"name":"(anonymous_16)","decl":{"start":{"line":201,"column":33},"end":{"line":201,"column":34}},"loc":{"start":{"line":202,"column":12},"end":{"line":212,"column":22}},"line":202},"17":{"name":"(anonymous_17)","decl":{"start":{"line":205,"column":35},"end":{"line":205,"column":36}},"loc":{"start":{"line":206,"column":18},"end":{"line":209,"column":27}},"line":206},"18":{"name":"(anonymous_18)","decl":{"start":{"line":206,"column":64},"end":{"line":206,"column":65}},"loc":{"start":{"line":206,"column":70},"end":{"line":206,"column":95}},"line":206},"19":{"name":"(anonymous_19)","decl":{"start":{"line":229,"column":16},"end":{"line":229,"column":17}},"loc":{"start":{"line":229,"column":22},"end":{"line":229,"column":39}},"line":229}},"branchMap":{"0":{"loc":{"start":{"line":45,"column":6},"end":{"line":46,"column":25}},"type":"if","locations":[{"start":{"line":45,"column":6},"end":{"line":46,"column":25}},{"start":{"line":46,"column":11},"end":{"line":46,"column":25}}],"line":45},"1":{"loc":{"start":{"line":57,"column":4},"end":{"line":57,"column":32}},"type":"if","locations":[{"start":{"line":57,"column":4},"end":{"line":57,"column":32}},{"start":{},"end":{}}],"line":57},"2":{"loc":{"start":{"line":63,"column":8},"end":{"line":64,"column":60}},"type":"binary-expr","locations":[{"start":{"line":63,"column":8},"end":{"line":63,"column":49}},{"start":{"line":64,"column":8},"end":{"line":64,"column":60}}],"line":63},"3":{"loc":{"start":{"line":64,"column":9},"end":{"line":64,"column":27}},"type":"binary-expr","locations":[{"start":{"line":64,"column":9},"end":{"line":64,"column":21}},{"start":{"line":64,"column":25},"end":{"line":64,"column":27}}],"line":64},"4":{"loc":{"start":{"line":66,"column":22},"end":{"line":66,"column":47}},"type":"binary-expr","locations":[{"start":{"line":66,"column":22},"end":{"line":66,"column":34}},{"start":{"line":66,"column":38},"end":{"line":66,"column":47}}],"line":66},"5":{"loc":{"start":{"line":67,"column":6},"end":{"line":71,"column":7}},"type":"if","locations":[{"start":{"line":67,"column":6},"end":{"line":71,"column":7}},{"start":{"line":69,"column":13},"end":{"line":71,"column":7}}],"line":67},"6":{"loc":{"start":{"line":77,"column":4},"end":{"line":80,"column":5}},"type":"if","locations":[{"start":{"line":77,"column":4},"end":{"line":80,"column":5}},{"start":{},"end":{}}],"line":77},"7":{"loc":{"start":{"line":93,"column":52},"end":{"line":93,"column":70}},"type":"binary-expr","locations":[{"start":{"line":93,"column":52},"end":{"line":93,"column":64}},{"start":{"line":93,"column":68},"end":{"line":93,"column":70}}],"line":93},"8":{"loc":{"start":{"line":106,"column":4},"end":{"line":111,"column":5}},"type":"if","locations":[{"start":{"line":106,"column":4},"end":{"line":111,"column":5}},{"start":{},"end":{}}],"line":106},"9":{"loc":{"start":{"line":108,"column":19},"end":{"line":108,"column":77}},"type":"binary-expr","locations":[{"start":{"line":108,"column":19},"end":{"line":108,"column":55}},{"start":{"line":108,"column":59},"end":{"line":108,"column":77}}],"line":108},"10":{"loc":{"start":{"line":109,"column":20},"end":{"line":109,"column":75}},"type":"binary-expr","locations":[{"start":{"line":109,"column":20},"end":{"line":109,"column":57}},{"start":{"line":109,"column":61},"end":{"line":109,"column":75}}],"line":109},"11":{"loc":{"start":{"line":124,"column":4},"end":{"line":124,"column":44}},"type":"if","locations":[{"start":{"line":124,"column":4},"end":{"line":124,"column":44}},{"start":{},"end":{}}],"line":124},"12":{"loc":{"start":{"line":124,"column":8},"end":{"line":124,"column":35}},"type":"binary-expr","locations":[{"start":{"line":124,"column":8},"end":{"line":124,"column":17}},{"start":{"line":124,"column":21},"end":{"line":124,"column":35}}],"line":124},"13":{"loc":{"start":{"line":134,"column":4},"end":{"line":134,"column":26}},"type":"if","locations":[{"start":{"line":134,"column":4},"end":{"line":134,"column":26}},{"start":{},"end":{}}],"line":134},"14":{"loc":{"start":{"line":139,"column":4},"end":{"line":141,"column":81}},"type":"cond-expr","locations":[{"start":{"line":140,"column":8},"end":{"line":140,"column":88}},{"start":{"line":141,"column":8},"end":{"line":141,"column":81}}],"line":139},"15":{"loc":{"start":{"line":159,"column":12},"end":{"line":159,"column":36}},"type":"cond-expr","locations":[{"start":{"line":159,"column":19},"end":{"line":159,"column":25}},{"start":{"line":159,"column":28},"end":{"line":159,"column":36}}],"line":159},"16":{"loc":{"start":{"line":162,"column":37},"end":{"line":162,"column":59}},"type":"binary-expr","locations":[{"start":{"line":162,"column":37},"end":{"line":162,"column":53}},{"start":{"line":162,"column":57},"end":{"line":162,"column":59}}],"line":162},"17":{"loc":{"start":{"line":175,"column":24},"end":{"line":175,"column":48}},"type":"cond-expr","locations":[{"start":{"line":175,"column":31},"end":{"line":175,"column":39}},{"start":{"line":175,"column":42},"end":{"line":175,"column":48}}],"line":175}},"s":{"0":0,"1":0,"2":0,"3":0,"4":0,"5":0,"6":0,"7":0,"8":0,"9":0,"10":0,"11":0,"12":0,"13":0,"14":0,"15":0,"16":0,"17":0,"18":0,"19":0,"20":0,"21":0,"22":0,"23":0,"24":0,"25":0,"26":0,"27":0,"28":0,"29":0,"30":0,"31":0,"32":0,"33":0,"34":0,"35":0,"36":0,"37":0,"38":0,"39":0,"40":0,"41":0,"42":0,"43":0,"44":0,"45":0,"46":0,"47":0,"48":0,"49":0,"50":0,"51":0,"52":0,"53":0,"54":0,"55":0,"56":0,"57":0,"58":0,"59":0,"60":0,"61":0,"62":0,"63":0,"64":0,"65":0,"66":0,"67":0,"68":0,"69":0,"70":0,"71":0,"72":0,"73":0,"74":0,"75":0,"76":0,"77":0,"78":0,"79":0},"f":{"0":0,"1":0,"2":0,"3":0,"4":0,"5":0,"6":0,"7":0,"8":0,"9":0,"10":0,"11":0,"12":0,"13":0,"14":0,"15":0,"16":0,"17":0,"18":0,"19":0},"b":{"0":[0,0],"1":[0,0],"2":[0,0],"3":[0,0],"4":[0,0],"5":[0,0],"6":[0,0],"7":[0,0],"8":[0,0],"9":[0,0],"10":[0,0],"11":[0,0],"12":[0,0],"13":[0,0],"14":[0,0],"15":[0,0],"16":[0,0],"17":[0,0]}}
,"/Applications/XAMPP/xamppfiles/htdocs/SA/pages/api/cafes.js": {"path":"/Applications/XAMPP/xamppfiles/htdocs/SA/pages/api/cafes.js","statementMap":{"0":{"start":{"line":3,"column":21},"end":{"line":3,"column":103}},"1":{"start":{"line":4,"column":21},"end":{"line":4,"column":276}},"2":{"start":{"line":6,"column":17},"end":{"line":6,"column":57}},"3":{"start":{"line":10,"column":17},"end":{"line":44,"column":3}},"4":{"start":{"line":46,"column":17},"end":{"line":46,"column":19}},"5":{"start":{"line":47,"column":22},"end":{"line":47,"column":23}},"6":{"start":{"line":50,"column":4},"end":{"line":50,"column":22}},"7":{"start":{"line":54,"column":20},"end":{"line":65,"column":6}},"8":{"start":{"line":55,"column":24},"end":{"line":55,"column":79}},"9":{"start":{"line":56,"column":27},"end":{"line":56,"column":85}},"10":{"start":{"line":58,"column":6},"end":{"line":60,"column":7}},"11":{"start":{"line":59,"column":8},"end":{"line":59,"column":41}},"12":{"start":{"line":62,"column":25},"end":{"line":62,"column":67}},"13":{"start":{"line":62,"column":43},"end":{"line":62,"column":66}},"14":{"start":{"line":64,"column":6},"end":{"line":64,"column":55}},"15":{"start":{"line":67,"column":4},"end":{"line":67,"column":19}},"16":{"start":{"line":71,"column":4},"end":{"line":71,"column":61}},"17":{"start":{"line":71,"column":35},"end":{"line":71,"column":59}},"18":{"start":{"line":76,"column":25},"end":{"line":76,"column":70}},"19":{"start":{"line":76,"column":49},"end":{"line":76,"column":69}},"20":{"start":{"line":77,"column":4},"end":{"line":79,"column":5}},"21":{"start":{"line":78,"column":6},"end":{"line":78,"column":49}},"22":{"start":{"line":81,"column":17},"end":{"line":87,"column":5}},"23":{"start":{"line":89,"column":4},"end":{"line":89,"column":26}},"24":{"start":{"line":90,"column":4},"end":{"line":90,"column":64}},"25":{"start":{"line":94,"column":17},"end":{"line":94,"column":83}},"26":{"start":{"line":94,"column":38},"end":{"line":94,"column":82}},"27":{"start":{"line":95,"column":4},"end":{"line":97,"column":5}},"28":{"start":{"line":96,"column":6},"end":{"line":96,"column":66}},"29":{"start":{"line":98,"column":4},"end":{"line":98,"column":48}},"30":{"start":{"line":102,"column":4},"end":{"line":102,"column":22}},"31":{"start":{"line":106,"column":17},"end":{"line":116,"column":5}},"32":{"start":{"line":117,"column":4},"end":{"line":117,"column":26}},"33":{"start":{"line":118,"column":4},"end":{"line":118,"column":35}},"34":{"start":{"line":124,"column":2},"end":{"line":124,"column":52}},"35":{"start":{"line":125,"column":2},"end":{"line":125,"column":83}},"36":{"start":{"line":126,"column":2},"end":{"line":126,"column":64}},"37":{"start":{"line":128,"column":2},"end":{"line":131,"column":3}},"38":{"start":{"line":129,"column":4},"end":{"line":129,"column":26}},"39":{"start":{"line":130,"column":4},"end":{"line":130,"column":11}},"40":{"start":{"line":133,"column":21},"end":{"line":133,"column":30}},"41":{"start":{"line":135,"column":2},"end":{"line":203,"column":3}},"42":{"start":{"line":136,"column":4},"end":{"line":199,"column":5}},"43":{"start":{"line":138,"column":8},"end":{"line":144,"column":9}},"44":{"start":{"line":139,"column":24},"end":{"line":139,"column":50}},"45":{"start":{"line":140,"column":10},"end":{"line":140,"column":38}},"46":{"start":{"line":141,"column":15},"end":{"line":144,"column":9}},"47":{"start":{"line":142,"column":25},"end":{"line":142,"column":55}},"48":{"start":{"line":143,"column":10},"end":{"line":143,"column":39}},"49":{"start":{"line":145,"column":8},"end":{"line":145,"column":14}},"50":{"start":{"line":148,"column":8},"end":{"line":153,"column":9}},"51":{"start":{"line":149,"column":46},"end":{"line":149,"column":55}},"52":{"start":{"line":150,"column":27},"end":{"line":150,"column":54}},"53":{"start":{"line":151,"column":26},"end":{"line":151,"column":69}},"54":{"start":{"line":152,"column":10},"end":{"line":152,"column":59}},"55":{"start":{"line":154,"column":8},"end":{"line":154,"column":14}},"56":{"start":{"line":157,"column":8},"end":{"line":165,"column":9}},"57":{"start":{"line":158,"column":25},"end":{"line":158,"column":34}},"58":{"start":{"line":159,"column":23},"end":{"line":159,"column":51}},"59":{"start":{"line":160,"column":10},"end":{"line":164,"column":11}},"60":{"start":{"line":161,"column":12},"end":{"line":161,"column":58}},"61":{"start":{"line":163,"column":12},"end":{"line":163,"column":70}},"62":{"start":{"line":166,"column":8},"end":{"line":166,"column":14}},"63":{"start":{"line":169,"column":8},"end":{"line":176,"column":9}},"64":{"start":{"line":170,"column":53},"end":{"line":170,"column":61}},"65":{"start":{"line":171,"column":10},"end":{"line":173,"column":11}},"66":{"start":{"line":172,"column":12},"end":{"line":172,"column":80}},"67":{"start":{"line":174,"column":25},"end":{"line":174,"column":73}},"68":{"start":{"line":175,"column":10},"end":{"line":175,"column":62}},"69":{"start":{"line":177,"column":8},"end":{"line":177,"column":14}},"70":{"start":{"line":180,"column":8},"end":{"line":187,"column":9}},"71":{"start":{"line":181,"column":38},"end":{"line":181,"column":46}},"72":{"start":{"line":182,"column":10},"end":{"line":184,"column":11}},"73":{"start":{"line":183,"column":12},"end":{"line":183,"column":80}},"74":{"start":{"line":185,"column":25},"end":{"line":185,"column":64}},"75":{"start":{"line":186,"column":10},"end":{"line":186,"column":62}},"76":{"start":{"line":188,"column":8},"end":{"line":188,"column":14}},"77":{"start":{"line":191,"column":8},"end":{"line":194,"column":9}},"78":{"start":{"line":192,"column":24},"end":{"line":192,"column":50}},"79":{"start":{"line":193,"column":10},"end":{"line":193,"column":57}},"80":{"start":{"line":195,"column":8},"end":{"line":195,"column":14}},"81":{"start":{"line":198,"column":8},"end":{"line":198,"column":49}},"82":{"start":{"line":201,"column":4},"end":{"line":201,"column":39}},"83":{"start":{"line":202,"column":4},"end":{"line":202,"column":47}}},"fnMap":{"0":{"name":"(anonymous_0)","decl":{"start":{"line":49,"column":2},"end":{"line":49,"column":3}},"loc":{"start":{"line":49,"column":23},"end":{"line":51,"column":3}},"line":49},"1":{"name":"(anonymous_1)","decl":{"start":{"line":53,"column":2},"end":{"line":53,"column":3}},"loc":{"start":{"line":53,"column":41},"end":{"line":68,"column":3}},"line":53},"2":{"name":"(anonymous_2)","decl":{"start":{"line":54,"column":38},"end":{"line":54,"column":39}},"loc":{"start":{"line":54,"column":46},"end":{"line":65,"column":5}},"line":54},"3":{"name":"(anonymous_3)","decl":{"start":{"line":62,"column":36},"end":{"line":62,"column":37}},"loc":{"start":{"line":62,"column":43},"end":{"line":62,"column":66}},"line":62},"4":{"name":"(anonymous_4)","decl":{"start":{"line":70,"column":2},"end":{"line":70,"column":3}},"loc":{"start":{"line":70,"column":25},"end":{"line":72,"column":3}},"line":70},"5":{"name":"(anonymous_5)","decl":{"start":{"line":71,"column":27},"end":{"line":71,"column":28}},"loc":{"start":{"line":71,"column":35},"end":{"line":71,"column":59}},"line":71},"6":{"name":"(anonymous_6)","decl":{"start":{"line":74,"column":2},"end":{"line":74,"column":3}},"loc":{"start":{"line":74,"column":54},"end":{"line":91,"column":3}},"line":74},"7":{"name":"(anonymous_7)","decl":{"start":{"line":76,"column":41},"end":{"line":76,"column":42}},"loc":{"start":{"line":76,"column":49},"end":{"line":76,"column":69}},"line":76},"8":{"name":"(anonymous_8)","decl":{"start":{"line":93,"column":2},"end":{"line":93,"column":3}},"loc":{"start":{"line":93,"column":36},"end":{"line":99,"column":3}},"line":93},"9":{"name":"(anonymous_9)","decl":{"start":{"line":94,"column":33},"end":{"line":94,"column":34}},"loc":{"start":{"line":94,"column":38},"end":{"line":94,"column":82}},"line":94},"10":{"name":"(anonymous_10)","decl":{"start":{"line":101,"column":2},"end":{"line":101,"column":3}},"loc":{"start":{"line":101,"column":23},"end":{"line":103,"column":3}},"line":101},"11":{"name":"(anonymous_11)","decl":{"start":{"line":105,"column":2},"end":{"line":105,"column":3}},"loc":{"start":{"line":105,"column":23},"end":{"line":119,"column":3}},"line":105},"12":{"name":"handler","decl":{"start":{"line":122,"column":30},"end":{"line":122,"column":37}},"loc":{"start":{"line":122,"column":48},"end":{"line":204,"column":1}},"line":122}},"branchMap":{"0":{"loc":{"start":{"line":3,"column":21},"end":{"line":3,"column":103}},"type":"binary-expr","locations":[{"start":{"line":3,"column":21},"end":{"line":3,"column":57}},{"start":{"line":3,"column":61},"end":{"line":3,"column":103}}],"line":3},"1":{"loc":{"start":{"line":4,"column":21},"end":{"line":4,"column":276}},"type":"binary-expr","locations":[{"start":{"line":4,"column":21},"end":{"line":4,"column":62}},{"start":{"line":4,"column":66},"end":{"line":4,"column":276}}],"line":4},"2":{"loc":{"start":{"line":53,"column":30},"end":{"line":53,"column":39}},"type":"default-arg","locations":[{"start":{"line":53,"column":37},"end":{"line":53,"column":39}}],"line":53},"3":{"loc":{"start":{"line":58,"column":6},"end":{"line":60,"column":7}},"type":"if","locations":[{"start":{"line":58,"column":6},"end":{"line":60,"column":7}},{"start":{},"end":{}}],"line":58},"4":{"loc":{"start":{"line":59,"column":15},"end":{"line":59,"column":40}},"type":"binary-expr","locations":[{"start":{"line":59,"column":15},"end":{"line":59,"column":24}},{"start":{"line":59,"column":28},"end":{"line":59,"column":40}}],"line":59},"5":{"loc":{"start":{"line":64,"column":13},"end":{"line":64,"column":54}},"type":"binary-expr","locations":[{"start":{"line":64,"column":14},"end":{"line":64,"column":23}},{"start":{"line":64,"column":27},"end":{"line":64,"column":39}},{"start":{"line":64,"column":44},"end":{"line":64,"column":54}}],"line":64},"6":{"loc":{"start":{"line":74,"column":39},"end":{"line":74,"column":52}},"type":"default-arg","locations":[{"start":{"line":74,"column":46},"end":{"line":74,"column":52}}],"line":74},"7":{"loc":{"start":{"line":77,"column":4},"end":{"line":79,"column":5}},"type":"if","locations":[{"start":{"line":77,"column":4},"end":{"line":79,"column":5}},{"start":{},"end":{}}],"line":77},"8":{"loc":{"start":{"line":94,"column":38},"end":{"line":94,"column":82}},"type":"binary-expr","locations":[{"start":{"line":94,"column":38},"end":{"line":94,"column":55}},{"start":{"line":94,"column":59},"end":{"line":94,"column":82}}],"line":94},"9":{"loc":{"start":{"line":95,"column":4},"end":{"line":97,"column":5}},"type":"if","locations":[{"start":{"line":95,"column":4},"end":{"line":97,"column":5}},{"start":{},"end":{}}],"line":95},"10":{"loc":{"start":{"line":112,"column":13},"end":{"line":112,"column":40}},"type":"binary-expr","locations":[{"start":{"line":112,"column":13},"end":{"line":112,"column":23}},{"start":{"line":112,"column":27},"end":{"line":112,"column":40}}],"line":112},"11":{"loc":{"start":{"line":113,"column":13},"end":{"line":113,"column":29}},"type":"binary-expr","locations":[{"start":{"line":113,"column":13},"end":{"line":113,"column":23}},{"start":{"line":113,"column":27},"end":{"line":113,"column":29}}],"line":113},"12":{"loc":{"start":{"line":114,"column":12},"end":{"line":114,"column":27}},"type":"binary-expr","locations":[{"start":{"line":114,"column":12},"end":{"line":114,"column":21}},{"start":{"line":114,"column":25},"end":{"line":114,"column":27}}],"line":114},"13":{"loc":{"start":{"line":115,"column":12},"end":{"line":115,"column":27}},"type":"binary-expr","locations":[{"start":{"line":115,"column":12},"end":{"line":115,"column":21}},{"start":{"line":115,"column":25},"end":{"line":115,"column":27}}],"line":115},"14":{"loc":{"start":{"line":128,"column":2},"end":{"line":131,"column":3}},"type":"if","locations":[{"start":{"line":128,"column":2},"end":{"line":131,"column":3}},{"start":{},"end":{}}],"line":128},"15":{"loc":{"start":{"line":136,"column":4},"end":{"line":199,"column":5}},"type":"switch","locations":[{"start":{"line":137,"column":6},"end":{"line":145,"column":14}},{"start":{"line":147,"column":6},"end":{"line":154,"column":14}},{"start":{"line":156,"column":6},"end":{"line":166,"column":14}},{"start":{"line":168,"column":6},"end":{"line":177,"column":14}},{"start":{"line":179,"column":6},"end":{"line":188,"column":14}},{"start":{"line":190,"column":6},"end":{"line":195,"column":14}},{"start":{"line":197,"column":6},"end":{"line":198,"column":49}}],"line":136},"16":{"loc":{"start":{"line":138,"column":8},"end":{"line":144,"column":9}},"type":"if","locations":[{"start":{"line":138,"column":8},"end":{"line":144,"column":9}},{"start":{"line":141,"column":15},"end":{"line":144,"column":9}}],"line":138},"17":{"loc":{"start":{"line":141,"column":15},"end":{"line":144,"column":9}},"type":"if","locations":[{"start":{"line":141,"column":15},"end":{"line":144,"column":9}},{"start":{},"end":{}}],"line":141},"18":{"loc":{"start":{"line":148,"column":8},"end":{"line":153,"column":9}},"type":"if","locations":[{"start":{"line":148,"column":8},"end":{"line":153,"column":9}},{"start":{},"end":{}}],"line":148},"19":{"loc":{"start":{"line":149,"column":18},"end":{"line":149,"column":30}},"type":"default-arg","locations":[{"start":{"line":149,"column":28},"end":{"line":149,"column":30}}],"line":149},"20":{"loc":{"start":{"line":149,"column":32},"end":{"line":149,"column":41}},"type":"default-arg","locations":[{"start":{"line":149,"column":39},"end":{"line":149,"column":41}}],"line":149},"21":{"loc":{"start":{"line":150,"column":27},"end":{"line":150,"column":54}},"type":"cond-expr","locations":[{"start":{"line":150,"column":34},"end":{"line":150,"column":49}},{"start":{"line":150,"column":52},"end":{"line":150,"column":54}}],"line":150},"22":{"loc":{"start":{"line":157,"column":8},"end":{"line":165,"column":9}},"type":"if","locations":[{"start":{"line":157,"column":8},"end":{"line":165,"column":9}},{"start":{},"end":{}}],"line":157},"23":{"loc":{"start":{"line":160,"column":10},"end":{"line":164,"column":11}},"type":"if","locations":[{"start":{"line":160,"column":10},"end":{"line":164,"column":11}},{"start":{"line":162,"column":17},"end":{"line":164,"column":11}}],"line":160},"24":{"loc":{"start":{"line":169,"column":8},"end":{"line":176,"column":9}},"type":"if","locations":[{"start":{"line":169,"column":8},"end":{"line":176,"column":9}},{"start":{},"end":{}}],"line":169},"25":{"loc":{"start":{"line":170,"column":35},"end":{"line":170,"column":48}},"type":"default-arg","locations":[{"start":{"line":170,"column":42},"end":{"line":170,"column":48}}],"line":170},"26":{"loc":{"start":{"line":171,"column":10},"end":{"line":173,"column":11}},"type":"if","locations":[{"start":{"line":171,"column":10},"end":{"line":173,"column":11}},{"start":{},"end":{}}],"line":171},"27":{"loc":{"start":{"line":171,"column":14},"end":{"line":171,"column":33}},"type":"binary-expr","locations":[{"start":{"line":171,"column":14},"end":{"line":171,"column":20}},{"start":{"line":171,"column":24},"end":{"line":171,"column":33}}],"line":171},"28":{"loc":{"start":{"line":175,"column":21},"end":{"line":175,"column":47}},"type":"cond-expr","locations":[{"start":{"line":175,"column":38},"end":{"line":175,"column":41}},{"start":{"line":175,"column":44},"end":{"line":175,"column":47}}],"line":175},"29":{"loc":{"start":{"line":180,"column":8},"end":{"line":187,"column":9}},"type":"if","locations":[{"start":{"line":180,"column":8},"end":{"line":187,"column":9}},{"start":{},"end":{}}],"line":180},"30":{"loc":{"start":{"line":182,"column":10},"end":{"line":184,"column":11}},"type":"if","locations":[{"start":{"line":182,"column":10},"end":{"line":184,"column":11}},{"start":{},"end":{}}],"line":182},"31":{"loc":{"start":{"line":182,"column":14},"end":{"line":182,"column":33}},"type":"binary-expr","locations":[{"start":{"line":182,"column":14},"end":{"line":182,"column":20}},{"start":{"line":182,"column":24},"end":{"line":182,"column":33}}],"line":182},"32":{"loc":{"start":{"line":186,"column":21},"end":{"line":186,"column":47}},"type":"cond-expr","locations":[{"start":{"line":186,"column":38},"end":{"line":186,"column":41}},{"start":{"line":186,"column":44},"end":{"line":186,"column":47}}],"line":186},"33":{"loc":{"start":{"line":191,"column":8},"end":{"line":194,"column":9}},"type":"if","locations":[{"start":{"line":191,"column":8},"end":{"line":194,"column":9}},{"start":{},"end":{}}],"line":191}},"s":{"0":0,"1":0,"2":0,"3":0,"4":0,"5":0,"6":0,"7":0,"8":0,"9":0,"10":0,"11":0,"12":0,"13":0,"14":0,"15":0,"16":0,"17":0,"18":0,"19":0,"20":0,"21":0,"22":0,"23":0,"24":0,"25":0,"26":0,"27":0,"28":0,"29":0,"30":0,"31":0,"32":0,"33":0,"34":0,"35":0,"36":0,"37":0,"38":0,"39":0,"40":0,"41":0,"42":0,"43":0,"44":0,"45":0,"46":0,"47":0,"48":0,"49":0,"50":0,"51":0,"52":0,"53":0,"54":0,"55":0,"56":0,"57":0,"58":0,"59":0,"60":0,"61":0,"62":0,"63":0,"64":0,"65":0,"66":0,"67":0,"68":0,"69":0,"70":0,"71":0,"72":0,"73":0,"74":0,"75":0,"76":0,"77":0,"78":0,"79":0,"80":0,"81":0,"82":0,"83":0},"f":{"0":0,"1":0,"2":0,"3":0,"4":0,"5":0,"6":0,"7":0,"8":0,"9":0,"10":0,"11":0,"12":0},"b":{"0":[0,0],"1":[0,0],"2":[0],"3":[0,0],"4":[0,0],"5":[0,0,0],"6":[0],"7":[0,0],"8":[0,0],"9":[0,0],"10":[0,0],"11":[0,0],"12":[0,0],"13":[0,0],"14":[0,0],"15":[0,0,0,0,0,0,0],"16":[0,0],"17":[0,0],"18":[0,0],"19":[0],"20":[0],"21":[0,0],"22":[0,0],"23":[0,0],"24":[0,0],"25":[0],"26":[0,0],"27":[0,0],"28":[0,0],"29":[0,0],"30":[0,0],"31":[0,0],"32":[0,0],"33":[0,0]}}
}
